2024-12-05 04:38:25,870 - __main__ - INFO - Starting analysis for project: Household Power Consumption Analysis
2024-12-05 04:38:25,870 - __main__ - INFO - Using dataset: X:\Developing\Python\Power Model\data\household_power_consumption.csv
2024-12-05 04:38:25,870 - __main__ - INFO - Starting data loading process...
2024-12-05 04:38:34,169 - src.data_loader - INFO - Data loaded successfully. Shape: (1044506, 8)
2024-12-05 04:38:34,169 - __main__ - INFO - Preprocessing data...
2024-12-05 04:38:34,993 - __main__ - INFO - Training power consumption prediction model...
2024-12-05 04:42:40,193 - __main__ - INFO - Evaluating model performance...
2024-12-05 04:42:42,815 - __main__ - INFO - Model Performance Metrics:
2024-12-05 04:42:42,817 - __main__ - INFO - MSE: 0.0012259473162877692
2024-12-05 04:42:42,818 - __main__ - INFO - MAE: 0.019813637064892538
2024-12-05 04:42:42,818 - __main__ - INFO - R2: 0.9990435960454158
2024-12-05 04:42:42,818 - __main__ - INFO - Analyzing feature importances...
2024-12-05 04:42:43,229 - __main__ - INFO - Performing energy consumption analysis...
2024-12-05 04:42:43,395 - __main__ - INFO - Creating visualizations...
2024-12-05 04:42:47,578 - __main__ - INFO - Saved prediction accuracy plot to X:\Developing\Python\Power Model\outputs\prediction_accuracy.png
2024-12-05 04:42:47,823 - __main__ - INFO - Saved feature importance plot to X:\Developing\Python\Power Model\outputs\feature_importance.png
2024-12-05 04:42:48,043 - __main__ - INFO - Saved hourly consumption plot to X:\Developing\Python\Power Model\outputs\hourly_consumption.png
2024-12-05 04:42:48,043 - __main__ - INFO - Analysis complete. Check the outputs directory for results.
2024-12-05 05:41:20,141 - __main__ - INFO - Starting analysis for project: Household Power Consumption Analysis
2024-12-05 05:41:20,141 - __main__ - INFO - Using dataset: X:\Developing\WEB DEV\GreenMind\Backend\data\household_power_consumption.csv
2024-12-05 05:41:20,141 - __main__ - INFO - Starting data loading process...
